Sun May 15 16:11:25 2016 [15302][-none-][FATAL] Configuration variable date.timezone is not set, guessed timezone America/Sao_Paulo. Please set date.timezone="America/Sao_Paulo" in php.ini!
Sun May 15 16:11:34 2016 [15383][-none-][FATAL] Configuration variable date.timezone is not set, guessed timezone America/Sao_Paulo. Please set date.timezone="America/Sao_Paulo" in php.ini!
Sun May 15 16:11:35 2016 [15302][-none-][FATAL] Configuration variable date.timezone is not set, guessed timezone America/Sao_Paulo. Please set date.timezone="America/Sao_Paulo" in php.ini!
Sun May 15 16:11:38 2016 [15383][-none-][FATAL] Configuration variable date.timezone is not set, guessed timezone America/Sao_Paulo. Please set date.timezone="America/Sao_Paulo" in php.ini!
Sun May 15 16:11:39 2016 [15302][-none-][FATAL] Configuration variable date.timezone is not set, guessed timezone America/Sao_Paulo. Please set date.timezone="America/Sao_Paulo" in php.ini!
Sun May 15 16:11:40 2016 [15303][-none-][FATAL] Configuration variable date.timezone is not set, guessed timezone America/Sao_Paulo. Please set date.timezone="America/Sao_Paulo" in php.ini!
Sun May 15 16:11:43 2016 [15383][-none-][FATAL] Configuration variable date.timezone is not set, guessed timezone America/Sao_Paulo. Please set date.timezone="America/Sao_Paulo" in php.ini!
Sun May 15 16:11:46 2016 [15302][-none-][FATAL] Configuration variable date.timezone is not set, guessed timezone America/Sao_Paulo. Please set date.timezone="America/Sao_Paulo" in php.ini!
Sun May 15 16:11:57 2016 [15383][-none-][FATAL] Configuration variable date.timezone is not set, guessed timezone America/Sao_Paulo. Please set date.timezone="America/Sao_Paulo" in php.ini!
Sun May 15 16:11:59 2016 [15303][-none-][FATAL] Configuration variable date.timezone is not set, guessed timezone America/Sao_Paulo. Please set date.timezone="America/Sao_Paulo" in php.ini!
Sun May 15 16:11:59 2016 [15302][-none-][FATAL] Configuration variable date.timezone is not set, guessed timezone America/Sao_Paulo. Please set date.timezone="America/Sao_Paulo" in php.ini!
Sun May 15 16:12:02 2016 [15302][-none-][FATAL] Configuration variable date.timezone is not set, guessed timezone America/Sao_Paulo. Please set date.timezone="America/Sao_Paulo" in php.ini!
Sun May 15 16:12:04 2016 [15383][-none-][FATAL] Configuration variable date.timezone is not set, guessed timezone America/Sao_Paulo. Please set date.timezone="America/Sao_Paulo" in php.ini!
Sun May 15 16:12:26 2016 [15303][-none-][FATAL] Configuration variable date.timezone is not set, guessed timezone America/Sao_Paulo. Please set date.timezone="America/Sao_Paulo" in php.ini!
Sun May 15 16:12:36 2016 [15302][-none-][FATAL] Configuration variable date.timezone is not set, guessed timezone America/Sao_Paulo. Please set date.timezone="America/Sao_Paulo" in php.ini!
Sun May 15 16:12:38 2016 [15302][1][FATAL] SugarPHPMailer encountered an error: An outgoing mail server is not configured to send emails. Please configure an outgoing mail server or select an outgoing mail server for the mail account that you are using in Settings >> Mail Account.
Sun May 15 16:12:38 2016 [15302][1][FATAL] SugarPHPMailer encountered an error: SMTP connect() failed. https://github.com/PHPMailer/PHPMailer/wiki/Troubleshooting
Sun May 15 16:12:47 2016 [15383][-none-][FATAL] Configuration variable date.timezone is not set, guessed timezone America/Sao_Paulo. Please set date.timezone="America/Sao_Paulo" in php.ini!
Sun May 15 16:12:47 2016 [15303][-none-][FATAL] Configuration variable date.timezone is not set, guessed timezone America/Sao_Paulo. Please set date.timezone="America/Sao_Paulo" in php.ini!
Sun May 15 16:12:51 2016 [15383][-none-][FATAL] Configuration variable date.timezone is not set, guessed timezone America/Sao_Paulo. Please set date.timezone="America/Sao_Paulo" in php.ini!
Sun May 15 16:12:53 2016 [15302][-none-][FATAL] Configuration variable date.timezone is not set, guessed timezone America/Sao_Paulo. Please set date.timezone="America/Sao_Paulo" in php.ini!
Sun May 15 16:12:57 2016 [15303][-none-][FATAL] Configuration variable date.timezone is not set, guessed timezone America/Sao_Paulo. Please set date.timezone="America/Sao_Paulo" in php.ini!
Sun May 15 16:13:00 2016 [15302][-none-][FATAL] Configuration variable date.timezone is not set, guessed timezone America/Sao_Paulo. Please set date.timezone="America/Sao_Paulo" in php.ini!
Sun May 15 16:13:02 2016 [15383][-none-][FATAL] Configuration variable date.timezone is not set, guessed timezone America/Sao_Paulo. Please set date.timezone="America/Sao_Paulo" in php.ini!
Sun May 15 16:13:25 2016 [15303][-none-][FATAL] Configuration variable date.timezone is not set, guessed timezone America/Sao_Paulo. Please set date.timezone="America/Sao_Paulo" in php.ini!
Sun May 15 16:13:27 2016 [15383][-none-][FATAL] Configuration variable date.timezone is not set, guessed timezone America/Sao_Paulo. Please set date.timezone="America/Sao_Paulo" in php.ini!
Sun May 15 16:13:27 2016 [15303][-none-][FATAL] Configuration variable date.timezone is not set, guessed timezone America/Sao_Paulo. Please set date.timezone="America/Sao_Paulo" in php.ini!
Sun May 15 16:13:29 2016 [15383][-none-][FATAL] Configuration variable date.timezone is not set, guessed timezone America/Sao_Paulo. Please set date.timezone="America/Sao_Paulo" in php.ini!
Sun May 15 16:13:29 2016 [15302][-none-][FATAL] Configuration variable date.timezone is not set, guessed timezone America/Sao_Paulo. Please set date.timezone="America/Sao_Paulo" in php.ini!
Sun May 15 16:13:35 2016 [15302][-none-][FATAL] Configuration variable date.timezone is not set, guessed timezone America/Sao_Paulo. Please set date.timezone="America/Sao_Paulo" in php.ini!
Sun May 15 16:13:37 2016 [15383][-none-][FATAL] Configuration variable date.timezone is not set, guessed timezone America/Sao_Paulo. Please set date.timezone="America/Sao_Paulo" in php.ini!
Sun May 15 16:13:37 2016 [15303][-none-][FATAL] Configuration variable date.timezone is not set, guessed timezone America/Sao_Paulo. Please set date.timezone="America/Sao_Paulo" in php.ini!
Sun May 15 16:13:52 2016 [15303][1][FATAL] GSync- Calendar job created
Sun May 15 16:13:52 2016 [15303][1][FATAL] GSync- Contacts job created
Sun May 15 16:13:52 2016 [15303][1][FATAL] GSync- Drive job created
Sun May 15 16:13:52 2016 [15303][1][FATAL] GSync- Archive Emails job created
Sun May 15 16:13:52 2016 [15303][1][FATAL] Google Sync installed successfully...
Sun May 15 16:13:54 2016 [15383][-none-][FATAL] Configuration variable date.timezone is not set, guessed timezone America/Sao_Paulo. Please set date.timezone="America/Sao_Paulo" in php.ini!
Sun May 15 16:13:54 2016 [15302][-none-][FATAL] Configuration variable date.timezone is not set, guessed timezone America/Sao_Paulo. Please set date.timezone="America/Sao_Paulo" in php.ini!
Sun May 15 16:14:02 2016 [15454][-none-][FATAL] Configuration variable date.timezone is not set, guessed timezone America/Sao_Paulo. Please set date.timezone="America/Sao_Paulo" in php.ini!
Sun May 15 16:14:02 2016 [15383][-none-][FATAL] Configuration variable date.timezone is not set, guessed timezone America/Sao_Paulo. Please set date.timezone="America/Sao_Paulo" in php.ini!
Sun May 15 16:14:04 2016 [15302][-none-][FATAL] Configuration variable date.timezone is not set, guessed timezone America/Sao_Paulo. Please set date.timezone="America/Sao_Paulo" in php.ini!
Sun May 15 16:14:05 2016 [15454][-none-][FATAL] Configuration variable date.timezone is not set, guessed timezone America/Sao_Paulo. Please set date.timezone="America/Sao_Paulo" in php.ini!
Sun May 15 16:14:07 2016 [15383][-none-][FATAL] Configuration variable date.timezone is not set, guessed timezone America/Sao_Paulo. Please set date.timezone="America/Sao_Paulo" in php.ini!
Sun May 15 16:14:24 2016 [15303][-none-][FATAL] Configuration variable date.timezone is not set, guessed timezone America/Sao_Paulo. Please set date.timezone="America/Sao_Paulo" in php.ini!
Sun May 15 16:14:28 2016 [15454][-none-][FATAL] Configuration variable date.timezone is not set, guessed timezone America/Sao_Paulo. Please set date.timezone="America/Sao_Paulo" in php.ini!
Sun May 15 16:14:28 2016 [15383][-none-][FATAL] Configuration variable date.timezone is not set, guessed timezone America/Sao_Paulo. Please set date.timezone="America/Sao_Paulo" in php.ini!
Sun May 15 16:14:29 2016 [15383][1][FATAL] Exception in Controller: Do <a href='index.php?module=Administration&action=Upgrade' target='_blank'><span class='error' >Quick Repair and Rebuild </span></a>first and then <a href='index.php?module=rt_GSync&action=configureUsers'>refresh</a> this page
Sun May 15 16:14:30 2016 [15454][-none-][FATAL] Configuration variable date.timezone is not set, guessed timezone America/Sao_Paulo. Please set date.timezone="America/Sao_Paulo" in php.ini!
Sun May 15 16:14:33 2016 [15303][-none-][FATAL] Configuration variable date.timezone is not set, guessed timezone America/Sao_Paulo. Please set date.timezone="America/Sao_Paulo" in php.ini!
Sun May 15 16:14:35 2016 [15383][-none-][FATAL] Configuration variable date.timezone is not set, guessed timezone America/Sao_Paulo. Please set date.timezone="America/Sao_Paulo" in php.ini!
Sun May 15 16:14:36 2016 [15454][-none-][FATAL] Configuration variable date.timezone is not set, guessed timezone America/Sao_Paulo. Please set date.timezone="America/Sao_Paulo" in php.ini!
Sun May 15 16:14:41 2016 [15383][-none-][FATAL] Configuration variable date.timezone is not set, guessed timezone America/Sao_Paulo. Please set date.timezone="America/Sao_Paulo" in php.ini!
Sun May 15 16:14:43 2016 [15454][-none-][FATAL] Configuration variable date.timezone is not set, guessed timezone America/Sao_Paulo. Please set date.timezone="America/Sao_Paulo" in php.ini!
Sun May 15 16:14:47 2016 [15303][-none-][FATAL] Configuration variable date.timezone is not set, guessed timezone America/Sao_Paulo. Please set date.timezone="America/Sao_Paulo" in php.ini!
Sun May 15 16:14:49 2016 [15454][-none-][FATAL] Configuration variable date.timezone is not set, guessed timezone America/Sao_Paulo. Please set date.timezone="America/Sao_Paulo" in php.ini!
Sun May 15 16:14:51 2016 [15303][-none-][FATAL] Configuration variable date.timezone is not set, guessed timezone America/Sao_Paulo. Please set date.timezone="America/Sao_Paulo" in php.ini!
Sun May 15 16:14:52 2016 [15383][-none-][FATAL] Configuration variable date.timezone is not set, guessed timezone America/Sao_Paulo. Please set date.timezone="America/Sao_Paulo" in php.ini!
Sun May 15 16:15:05 2016 [15303][-none-][FATAL] Configuration variable date.timezone is not set, guessed timezone America/Sao_Paulo. Please set date.timezone="America/Sao_Paulo" in php.ini!
Sun May 15 16:15:05 2016 [15454][-none-][FATAL] Configuration variable date.timezone is not set, guessed timezone America/Sao_Paulo. Please set date.timezone="America/Sao_Paulo" in php.ini!
Sun May 15 16:15:14 2016 [15496][-none-][FATAL] Configuration variable date.timezone is not set, guessed timezone America/Sao_Paulo. Please set date.timezone="America/Sao_Paulo" in php.ini!
Sun May 15 16:15:16 2016 [15454][-none-][FATAL] Configuration variable date.timezone is not set, guessed timezone America/Sao_Paulo. Please set date.timezone="America/Sao_Paulo" in php.ini!
Sun May 15 16:15:29 2016 [15383][-none-][FATAL] Configuration variable date.timezone is not set, guessed timezone America/Sao_Paulo. Please set date.timezone="America/Sao_Paulo" in php.ini!
Sun May 15 16:15:32 2016 [15496][-none-][FATAL] Configuration variable date.timezone is not set, guessed timezone America/Sao_Paulo. Please set date.timezone="America/Sao_Paulo" in php.ini!
Sun May 15 16:15:34 2016 [15383][-none-][FATAL] Configuration variable date.timezone is not set, guessed timezone America/Sao_Paulo. Please set date.timezone="America/Sao_Paulo" in php.ini!
Sun May 15 16:15:36 2016 [15496][-none-][FATAL] Configuration variable date.timezone is not set, guessed timezone America/Sao_Paulo. Please set date.timezone="America/Sao_Paulo" in php.ini!
Sun May 15 16:15:39 2016 [15454][-none-][FATAL] Configuration variable date.timezone is not set, guessed timezone America/Sao_Paulo. Please set date.timezone="America/Sao_Paulo" in php.ini!
Sun May 15 16:15:41 2016 [15496][-none-][FATAL] Configuration variable date.timezone is not set, guessed timezone America/Sao_Paulo. Please set date.timezone="America/Sao_Paulo" in php.ini!
Sun May 15 16:15:43 2016 [15383][-none-][FATAL] Configuration variable date.timezone is not set, guessed timezone America/Sao_Paulo. Please set date.timezone="America/Sao_Paulo" in php.ini!
Sun May 15 16:15:44 2016 [15454][-none-][FATAL] Configuration variable date.timezone is not set, guessed timezone America/Sao_Paulo. Please set date.timezone="America/Sao_Paulo" in php.ini!
Sun May 15 16:15:46 2016 [15383][-none-][FATAL] Configuration variable date.timezone is not set, guessed timezone America/Sao_Paulo. Please set date.timezone="America/Sao_Paulo" in php.ini!
Sun May 15 16:15:48 2016 [15454][-none-][FATAL] Configuration variable date.timezone is not set, guessed timezone America/Sao_Paulo. Please set date.timezone="America/Sao_Paulo" in php.ini!
Sun May 15 16:15:49 2016 [15496][-none-][FATAL] Configuration variable date.timezone is not set, guessed timezone America/Sao_Paulo. Please set date.timezone="America/Sao_Paulo" in php.ini!
Sun May 15 16:15:50 2016 [15383][-none-][FATAL] Configuration variable date.timezone is not set, guessed timezone America/Sao_Paulo. Please set date.timezone="America/Sao_Paulo" in php.ini!
Sun May 15 16:15:51 2016 [15496][-none-][FATAL] Configuration variable date.timezone is not set, guessed timezone America/Sao_Paulo. Please set date.timezone="America/Sao_Paulo" in php.ini!
Sun May 15 16:15:54 2016 [15454][-none-][FATAL] Configuration variable date.timezone is not set, guessed timezone America/Sao_Paulo. Please set date.timezone="America/Sao_Paulo" in php.ini!
Sun May 15 16:15:56 2016 [15383][-none-][FATAL] Configuration variable date.timezone is not set, guessed timezone America/Sao_Paulo. Please set date.timezone="America/Sao_Paulo" in php.ini!
Sun May 15 16:15:58 2016 [15454][-none-][FATAL] Configuration variable date.timezone is not set, guessed timezone America/Sao_Paulo. Please set date.timezone="America/Sao_Paulo" in php.ini!
Sun May 15 16:16:00 2016 [15383][-none-][FATAL] Configuration variable date.timezone is not set, guessed timezone America/Sao_Paulo. Please set date.timezone="America/Sao_Paulo" in php.ini!
Sun May 15 16:16:01 2016 [15496][-none-][FATAL] Configuration variable date.timezone is not set, guessed timezone America/Sao_Paulo. Please set date.timezone="America/Sao_Paulo" in php.ini!
Sun May 15 16:16:04 2016 [15454][-none-][FATAL] Configuration variable date.timezone is not set, guessed timezone America/Sao_Paulo. Please set date.timezone="America/Sao_Paulo" in php.ini!
Sun May 15 16:16:09 2016 [15383][-none-][FATAL] Configuration variable date.timezone is not set, guessed timezone America/Sao_Paulo. Please set date.timezone="America/Sao_Paulo" in php.ini!
Sun May 15 16:16:16 2016 [15496][-none-][FATAL] Configuration variable date.timezone is not set, guessed timezone America/Sao_Paulo. Please set date.timezone="America/Sao_Paulo" in php.ini!
Sun May 15 16:16:20 2016 [15454][-none-][FATAL] Configuration variable date.timezone is not set, guessed timezone America/Sao_Paulo. Please set date.timezone="America/Sao_Paulo" in php.ini!
Sun May 15 16:16:23 2016 [15383][-none-][FATAL] Configuration variable date.timezone is not set, guessed timezone America/Sao_Paulo. Please set date.timezone="America/Sao_Paulo" in php.ini!
Sun May 15 16:16:30 2016 [15496][-none-][FATAL] Configuration variable date.timezone is not set, guessed timezone America/Sao_Paulo. Please set date.timezone="America/Sao_Paulo" in php.ini!
Sun May 15 16:16:32 2016 [15454][-none-][FATAL] Configuration variable date.timezone is not set, guessed timezone America/Sao_Paulo. Please set date.timezone="America/Sao_Paulo" in php.ini!
Sun May 15 16:16:34 2016 [15496][-none-][FATAL] Configuration variable date.timezone is not set, guessed timezone America/Sao_Paulo. Please set date.timezone="America/Sao_Paulo" in php.ini!
Sun May 15 16:16:36 2016 [15454][-none-][FATAL] Configuration variable date.timezone is not set, guessed timezone America/Sao_Paulo. Please set date.timezone="America/Sao_Paulo" in php.ini!
Sun May 15 16:16:36 2016 [15383][-none-][FATAL] Configuration variable date.timezone is not set, guessed timezone America/Sao_Paulo. Please set date.timezone="America/Sao_Paulo" in php.ini!
Sun May 15 16:16:41 2016 [15454][-none-][FATAL] Configuration variable date.timezone is not set, guessed timezone America/Sao_Paulo. Please set date.timezone="America/Sao_Paulo" in php.ini!
Sun May 15 16:16:42 2016 [15383][-none-][FATAL] Configuration variable date.timezone is not set, guessed timezone America/Sao_Paulo. Please set date.timezone="America/Sao_Paulo" in php.ini!
Sun May 15 16:16:43 2016 [15496][-none-][FATAL] Configuration variable date.timezone is not set, guessed timezone America/Sao_Paulo. Please set date.timezone="America/Sao_Paulo" in php.ini!
Sun May 15 16:16:47 2016 [15454][-none-][FATAL] Configuration variable date.timezone is not set, guessed timezone America/Sao_Paulo. Please set date.timezone="America/Sao_Paulo" in php.ini!
Sun May 15 16:16:51 2016 [15383][-none-][FATAL] Configuration variable date.timezone is not set, guessed timezone America/Sao_Paulo. Please set date.timezone="America/Sao_Paulo" in php.ini!
Sun May 15 16:16:54 2016 [15496][-none-][FATAL] Configuration variable date.timezone is not set, guessed timezone America/Sao_Paulo. Please set date.timezone="America/Sao_Paulo" in php.ini!
Sun May 15 16:16:58 2016 [15516][-none-][FATAL] Configuration variable date.timezone is not set, guessed timezone America/Sao_Paulo. Please set date.timezone="America/Sao_Paulo" in php.ini!
Sun May 15 16:17:08 2016 [15496][-none-][FATAL] Configuration variable date.timezone is not set, guessed timezone America/Sao_Paulo. Please set date.timezone="America/Sao_Paulo" in php.ini!
Sun May 15 16:17:19 2016 [15516][-none-][FATAL] Configuration variable date.timezone is not set, guessed timezone America/Sao_Paulo. Please set date.timezone="America/Sao_Paulo" in php.ini!
Sun May 15 16:17:21 2016 [15496][-none-][FATAL] Configuration variable date.timezone is not set, guessed timezone America/Sao_Paulo. Please set date.timezone="America/Sao_Paulo" in php.ini!
Sun May 15 16:17:31 2016 [15454][-none-][FATAL] Configuration variable date.timezone is not set, guessed timezone America/Sao_Paulo. Please set date.timezone="America/Sao_Paulo" in php.ini!
Sun May 15 16:17:32 2016 [15516][-none-][FATAL] Configuration variable date.timezone is not set, guessed timezone America/Sao_Paulo. Please set date.timezone="America/Sao_Paulo" in php.ini!
Sun May 15 16:17:34 2016 [15454][-none-][FATAL] Configuration variable date.timezone is not set, guessed timezone America/Sao_Paulo. Please set date.timezone="America/Sao_Paulo" in php.ini!
Sun May 15 16:17:36 2016 [15496][-none-][FATAL] Configuration variable date.timezone is not set, guessed timezone America/Sao_Paulo. Please set date.timezone="America/Sao_Paulo" in php.ini!
Sun May 15 16:17:39 2016 [15516][-none-][FATAL] Configuration variable date.timezone is not set, guessed timezone America/Sao_Paulo. Please set date.timezone="America/Sao_Paulo" in php.ini!
Sun May 15 16:17:41 2016 [15496][-none-][FATAL] Configuration variable date.timezone is not set, guessed timezone America/Sao_Paulo. Please set date.timezone="America/Sao_Paulo" in php.ini!
Sun May 15 16:17:43 2016 [15516][-none-][FATAL] Configuration variable date.timezone is not set, guessed timezone America/Sao_Paulo. Please set date.timezone="America/Sao_Paulo" in php.ini!
Sun May 15 16:18:32 2016 [15454][-none-][FATAL] Configuration variable date.timezone is not set, guessed timezone America/Sao_Paulo. Please set date.timezone="America/Sao_Paulo" in php.ini!
Sun May 15 16:18:43 2016 [15496][-none-][FATAL] Configuration variable date.timezone is not set, guessed timezone America/Sao_Paulo. Please set date.timezone="America/Sao_Paulo" in php.ini!
Sun May 15 16:19:33 2016 [15516][-none-][FATAL] Configuration variable date.timezone is not set, guessed timezone America/Sao_Paulo. Please set date.timezone="America/Sao_Paulo" in php.ini!
Sun May 15 16:19:43 2016 [15454][-none-][FATAL] Configuration variable date.timezone is not set, guessed timezone America/Sao_Paulo. Please set date.timezone="America/Sao_Paulo" in php.ini!
Sun May 15 16:20:34 2016 [15496][-none-][FATAL] Configuration variable date.timezone is not set, guessed timezone America/Sao_Paulo. Please set date.timezone="America/Sao_Paulo" in php.ini!
Sun May 15 16:20:43 2016 [15516][-none-][FATAL] Configuration variable date.timezone is not set, guessed timezone America/Sao_Paulo. Please set date.timezone="America/Sao_Paulo" in php.ini!
Sun May 15 16:21:35 2016 [15454][-none-][FATAL] Configuration variable date.timezone is not set, guessed timezone America/Sao_Paulo. Please set date.timezone="America/Sao_Paulo" in php.ini!
Sun May 15 16:21:43 2016 [15516][-none-][FATAL] Configuration variable date.timezone is not set, guessed timezone America/Sao_Paulo. Please set date.timezone="America/Sao_Paulo" in php.ini!
Sun May 15 16:21:49 2016 [15454][-none-][FATAL] Configuration variable date.timezone is not set, guessed timezone America/Sao_Paulo. Please set date.timezone="America/Sao_Paulo" in php.ini!
Sun May 15 16:21:49 2016 [15496][-none-][FATAL] Configuration variable date.timezone is not set, guessed timezone America/Sao_Paulo. Please set date.timezone="America/Sao_Paulo" in php.ini!
Sun May 15 16:21:52 2016 [15516][-none-][FATAL] Configuration variable date.timezone is not set, guessed timezone America/Sao_Paulo. Please set date.timezone="America/Sao_Paulo" in php.ini!
Sun May 15 16:21:52 2016 [15454][-none-][FATAL] Configuration variable date.timezone is not set, guessed timezone America/Sao_Paulo. Please set date.timezone="America/Sao_Paulo" in php.ini!
Sun May 15 16:21:54 2016 [15516][-none-][FATAL] Configuration variable date.timezone is not set, guessed timezone America/Sao_Paulo. Please set date.timezone="America/Sao_Paulo" in php.ini!
Sun May 15 16:21:55 2016 [15454][-none-][FATAL] Configuration variable date.timezone is not set, guessed timezone America/Sao_Paulo. Please set date.timezone="America/Sao_Paulo" in php.ini!
Sun May 15 16:21:57 2016 [15496][-none-][FATAL] Configuration variable date.timezone is not set, guessed timezone America/Sao_Paulo. Please set date.timezone="America/Sao_Paulo" in php.ini!
Sun May 15 16:22:02 2016 [15516][-none-][FATAL] Configuration variable date.timezone is not set, guessed timezone America/Sao_Paulo. Please set date.timezone="America/Sao_Paulo" in php.ini!
Sun May 15 16:22:05 2016 [15454][-none-][FATAL] Configuration variable date.timezone is not set, guessed timezone America/Sao_Paulo. Please set date.timezone="America/Sao_Paulo" in php.ini!
Sun May 15 16:22:20 2016 [15496][-none-][FATAL] Configuration variable date.timezone is not set, guessed timezone America/Sao_Paulo. Please set date.timezone="America/Sao_Paulo" in php.ini!
Sun May 15 16:22:22 2016 [15516][-none-][FATAL] Configuration variable date.timezone is not set, guessed timezone America/Sao_Paulo. Please set date.timezone="America/Sao_Paulo" in php.ini!
Sun May 15 16:22:24 2016 [15496][-none-][FATAL] Configuration variable date.timezone is not set, guessed timezone America/Sao_Paulo. Please set date.timezone="America/Sao_Paulo" in php.ini!
Sun May 15 16:22:27 2016 [15516][-none-][FATAL] Configuration variable date.timezone is not set, guessed timezone America/Sao_Paulo. Please set date.timezone="America/Sao_Paulo" in php.ini!
Sun May 15 16:22:31 2016 [15454][-none-][FATAL] Configuration variable date.timezone is not set, guessed timezone America/Sao_Paulo. Please set date.timezone="America/Sao_Paulo" in php.ini!
Sun May 15 16:22:33 2016 [15516][-none-][FATAL] Configuration variable date.timezone is not set, guessed timezone America/Sao_Paulo. Please set date.timezone="America/Sao_Paulo" in php.ini!
Sun May 15 16:22:36 2016 [15454][-none-][FATAL] Configuration variable date.timezone is not set, guessed timezone America/Sao_Paulo. Please set date.timezone="America/Sao_Paulo" in php.ini!
Sun May 15 16:22:36 2016 [15496][-none-][FATAL] Configuration variable date.timezone is not set, guessed timezone America/Sao_Paulo. Please set date.timezone="America/Sao_Paulo" in php.ini!
Sun May 15 16:22:37 2016 [15516][-none-][FATAL] Configuration variable date.timezone is not set, guessed timezone America/Sao_Paulo. Please set date.timezone="America/Sao_Paulo" in php.ini!
Sun May 15 16:22:39 2016 [15496][-none-][FATAL] Configuration variable date.timezone is not set, guessed timezone America/Sao_Paulo. Please set date.timezone="America/Sao_Paulo" in php.ini!
Sun May 15 16:22:42 2016 [15516][-none-][FATAL] Configuration variable date.timezone is not set, guessed timezone America/Sao_Paulo. Please set date.timezone="America/Sao_Paulo" in php.ini!
Sun May 15 16:22:43 2016 [15454][-none-][FATAL] Configuration variable date.timezone is not set, guessed timezone America/Sao_Paulo. Please set date.timezone="America/Sao_Paulo" in php.ini!
Sun May 15 16:22:50 2016 [15496][-none-][FATAL] Configuration variable date.timezone is not set, guessed timezone America/Sao_Paulo. Please set date.timezone="America/Sao_Paulo" in php.ini!
Sun May 15 16:22:52 2016 [15454][-none-][FATAL] Configuration variable date.timezone is not set, guessed timezone America/Sao_Paulo. Please set date.timezone="America/Sao_Paulo" in php.ini!
Sun May 15 16:22:55 2016 [15496][-none-][FATAL] Configuration variable date.timezone is not set, guessed timezone America/Sao_Paulo. Please set date.timezone="America/Sao_Paulo" in php.ini!
Sun May 15 16:23:05 2016 [15516][-none-][FATAL] Configuration variable date.timezone is not set, guessed timezone America/Sao_Paulo. Please set date.timezone="America/Sao_Paulo" in php.ini!
Sun May 15 16:23:11 2016 [15496][-none-][FATAL] Configuration variable date.timezone is not set, guessed timezone America/Sao_Paulo. Please set date.timezone="America/Sao_Paulo" in php.ini!
Sun May 15 16:23:14 2016 [15516][-none-][FATAL] Configuration variable date.timezone is not set, guessed timezone America/Sao_Paulo. Please set date.timezone="America/Sao_Paulo" in php.ini!
Sun May 15 16:23:14 2016 [15454][-none-][FATAL] Configuration variable date.timezone is not set, guessed timezone America/Sao_Paulo. Please set date.timezone="America/Sao_Paulo" in php.ini!
Sun May 15 16:23:19 2016 [15516][-none-][FATAL] Configuration variable date.timezone is not set, guessed timezone America/Sao_Paulo. Please set date.timezone="America/Sao_Paulo" in php.ini!
Sun May 15 16:23:22 2016 [15454][-none-][FATAL] Configuration variable date.timezone is not set, guessed timezone America/Sao_Paulo. Please set date.timezone="America/Sao_Paulo" in php.ini!
Sun May 15 16:23:24 2016 [15496][-none-][FATAL] Configuration variable date.timezone is not set, guessed timezone America/Sao_Paulo. Please set date.timezone="America/Sao_Paulo" in php.ini!
Sun May 15 16:23:25 2016 [15454][-none-][FATAL] Configuration variable date.timezone is not set, guessed timezone America/Sao_Paulo. Please set date.timezone="America/Sao_Paulo" in php.ini!
Sun May 15 16:23:28 2016 [15496][-none-][FATAL] Configuration variable date.timezone is not set, guessed timezone America/Sao_Paulo. Please set date.timezone="America/Sao_Paulo" in php.ini!
Sun May 15 16:23:28 2016 [15516][-none-][FATAL] Configuration variable date.timezone is not set, guessed timezone America/Sao_Paulo. Please set date.timezone="America/Sao_Paulo" in php.ini!
Sun May 15 16:23:30 2016 [15496][-none-][FATAL] Configuration variable date.timezone is not set, guessed timezone America/Sao_Paulo. Please set date.timezone="America/Sao_Paulo" in php.ini!
Sun May 15 16:23:33 2016 [15516][-none-][FATAL] Configuration variable date.timezone is not set, guessed timezone America/Sao_Paulo. Please set date.timezone="America/Sao_Paulo" in php.ini!
Sun May 15 16:23:37 2016 [15454][-none-][FATAL] Configuration variable date.timezone is not set, guessed timezone America/Sao_Paulo. Please set date.timezone="America/Sao_Paulo" in php.ini!
Sun May 15 16:23:43 2016 [15496][-none-][FATAL] Configuration variable date.timezone is not set, guessed timezone America/Sao_Paulo. Please set date.timezone="America/Sao_Paulo" in php.ini!
Sun May 15 16:23:45 2016 [15516][-none-][FATAL] Configuration variable date.timezone is not set, guessed timezone America/Sao_Paulo. Please set date.timezone="America/Sao_Paulo" in php.ini!
Sun May 15 16:23:47 2016 [15496][-none-][FATAL] Configuration variable date.timezone is not set, guessed timezone America/Sao_Paulo. Please set date.timezone="America/Sao_Paulo" in php.ini!
Sun May 15 16:23:49 2016 [15516][-none-][FATAL] Configuration variable date.timezone is not set, guessed timezone America/Sao_Paulo. Please set date.timezone="America/Sao_Paulo" in php.ini!
Sun May 15 16:23:50 2016 [15454][-none-][FATAL] Configuration variable date.timezone is not set, guessed timezone America/Sao_Paulo. Please set date.timezone="America/Sao_Paulo" in php.ini!
Sun May 15 16:24:08 2016 [15496][-none-][FATAL] Configuration variable date.timezone is not set, guessed timezone America/Sao_Paulo. Please set date.timezone="America/Sao_Paulo" in php.ini!
Sun May 15 16:24:13 2016 [15516][-none-][FATAL] Configuration variable date.timezone is not set, guessed timezone America/Sao_Paulo. Please set date.timezone="America/Sao_Paulo" in php.ini!
Sun May 15 16:24:16 2016 [15454][-none-][FATAL] Configuration variable date.timezone is not set, guessed timezone America/Sao_Paulo. Please set date.timezone="America/Sao_Paulo" in php.ini!
Sun May 15 16:24:33 2016 [15496][-none-][FATAL] Configuration variable date.timezone is not set, guessed timezone America/Sao_Paulo. Please set date.timezone="America/Sao_Paulo" in php.ini!
Sun May 15 16:24:35 2016 [15454][-none-][FATAL] Configuration variable date.timezone is not set, guessed timezone America/Sao_Paulo. Please set date.timezone="America/Sao_Paulo" in php.ini!
Sun May 15 16:24:38 2016 [15496][-none-][FATAL] Configuration variable date.timezone is not set, guessed timezone America/Sao_Paulo. Please set date.timezone="America/Sao_Paulo" in php.ini!
Sun May 15 16:24:38 2016 [15516][-none-][FATAL] Configuration variable date.timezone is not set, guessed timezone America/Sao_Paulo. Please set date.timezone="America/Sao_Paulo" in php.ini!
Sun May 15 16:24:43 2016 [15454][-none-][FATAL] Configuration variable date.timezone is not set, guessed timezone America/Sao_Paulo. Please set date.timezone="America/Sao_Paulo" in php.ini!
Sun May 15 16:24:50 2016 [15496][-none-][FATAL] Configuration variable date.timezone is not set, guessed timezone America/Sao_Paulo. Please set date.timezone="America/Sao_Paulo" in php.ini!
Sun May 15 16:24:52 2016 [15454][-none-][FATAL] Configuration variable date.timezone is not set, guessed timezone America/Sao_Paulo. Please set date.timezone="America/Sao_Paulo" in php.ini!
Sun May 15 16:24:55 2016 [15516][-none-][FATAL] Configuration variable date.timezone is not set, guessed timezone America/Sao_Paulo. Please set date.timezone="America/Sao_Paulo" in php.ini!
Sun May 15 16:24:56 2016 [15496][-none-][FATAL] Configuration variable date.timezone is not set, guessed timezone America/Sao_Paulo. Please set date.timezone="America/Sao_Paulo" in php.ini!
Sun May 15 16:24:58 2016 [15516][-none-][FATAL] Configuration variable date.timezone is not set, guessed timezone America/Sao_Paulo. Please set date.timezone="America/Sao_Paulo" in php.ini!
Sun May 15 16:25:00 2016 [15454][-none-][FATAL] Configuration variable date.timezone is not set, guessed timezone America/Sao_Paulo. Please set date.timezone="America/Sao_Paulo" in php.ini!
Sun May 15 16:25:00 2016 [15496][-none-][FATAL] Configuration variable date.timezone is not set, guessed timezone America/Sao_Paulo. Please set date.timezone="America/Sao_Paulo" in php.ini!
Sun May 15 16:25:02 2016 [15454][-none-][FATAL] Configuration variable date.timezone is not set, guessed timezone America/Sao_Paulo. Please set date.timezone="America/Sao_Paulo" in php.ini!
Sun May 15 16:25:05 2016 [15516][-none-][FATAL] Configuration variable date.timezone is not set, guessed timezone America/Sao_Paulo. Please set date.timezone="America/Sao_Paulo" in php.ini!
Sun May 15 16:25:09 2016 [15496][-none-][FATAL] Configuration variable date.timezone is not set, guessed timezone America/Sao_Paulo. Please set date.timezone="America/Sao_Paulo" in php.ini!
Sun May 15 16:25:11 2016 [15516][-none-][FATAL] Configuration variable date.timezone is not set, guessed timezone America/Sao_Paulo. Please set date.timezone="America/Sao_Paulo" in php.ini!
Sun May 15 16:25:13 2016 [15454][-none-][FATAL] Configuration variable date.timezone is not set, guessed timezone America/Sao_Paulo. Please set date.timezone="America/Sao_Paulo" in php.ini!
Sun May 15 16:25:38 2016 [15496][-none-][FATAL] Configuration variable date.timezone is not set, guessed timezone America/Sao_Paulo. Please set date.timezone="America/Sao_Paulo" in php.ini!
Sun May 15 16:25:39 2016 [15516][-none-][FATAL] Configuration variable date.timezone is not set, guessed timezone America/Sao_Paulo. Please set date.timezone="America/Sao_Paulo" in php.ini!
Sun May 15 16:25:42 2016 [15454][-none-][FATAL] Configuration variable date.timezone is not set, guessed timezone America/Sao_Paulo. Please set date.timezone="America/Sao_Paulo" in php.ini!
Sun May 15 16:25:45 2016 [15516][-none-][FATAL] Configuration variable date.timezone is not set, guessed timezone America/Sao_Paulo. Please set date.timezone="America/Sao_Paulo" in php.ini!
Sun May 15 16:25:47 2016 [15496][-none-][FATAL] Configuration variable date.timezone is not set, guessed timezone America/Sao_Paulo. Please set date.timezone="America/Sao_Paulo" in php.ini!
Sun May 15 16:25:52 2016 [15454][-none-][FATAL] Configuration variable date.timezone is not set, guessed timezone America/Sao_Paulo. Please set date.timezone="America/Sao_Paulo" in php.ini!
Sun May 15 16:26:38 2016 [15516][-none-][FATAL] Configuration variable date.timezone is not set, guessed timezone America/Sao_Paulo. Please set date.timezone="America/Sao_Paulo" in php.ini!
Sun May 15 16:26:40 2016 [15496][-none-][FATAL] Configuration variable date.timezone is not set, guessed timezone America/Sao_Paulo. Please set date.timezone="America/Sao_Paulo" in php.ini!
Sun May 15 16:26:43 2016 [15454][-none-][FATAL] Configuration variable date.timezone is not set, guessed timezone America/Sao_Paulo. Please set date.timezone="America/Sao_Paulo" in php.ini!
Sun May 15 16:26:44 2016 [15516][-none-][FATAL] Configuration variable date.timezone is not set, guessed timezone America/Sao_Paulo. Please set date.timezone="America/Sao_Paulo" in php.ini!
Sun May 15 16:26:46 2016 [15454][-none-][FATAL] Configuration variable date.timezone is not set, guessed timezone America/Sao_Paulo. Please set date.timezone="America/Sao_Paulo" in php.ini!
Sun May 15 16:26:48 2016 [15516][-none-][FATAL] Configuration variable date.timezone is not set, guessed timezone America/Sao_Paulo. Please set date.timezone="America/Sao_Paulo" in php.ini!
Sun May 15 16:27:38 2016 [15496][-none-][FATAL] Configuration variable date.timezone is not set, guessed timezone America/Sao_Paulo. Please set date.timezone="America/Sao_Paulo" in php.ini!
Sun May 15 16:27:41 2016 [15454][-none-][FATAL] Configuration variable date.timezone is not set, guessed timezone America/Sao_Paulo. Please set date.timezone="America/Sao_Paulo" in php.ini!
Sun May 15 16:27:48 2016 [15516][-none-][FATAL] Configuration variable date.timezone is not set, guessed timezone America/Sao_Paulo. Please set date.timezone="America/Sao_Paulo" in php.ini!
Sun May 15 16:28:37 2016 [15496][-none-][FATAL] Configuration variable date.timezone is not set, guessed timezone America/Sao_Paulo. Please set date.timezone="America/Sao_Paulo" in php.ini!
Sun May 15 16:28:39 2016 [15516][-none-][FATAL] Configuration variable date.timezone is not set, guessed timezone America/Sao_Paulo. Please set date.timezone="America/Sao_Paulo" in php.ini!
Sun May 15 16:28:42 2016 [15496][-none-][FATAL] Configuration variable date.timezone is not set, guessed timezone America/Sao_Paulo. Please set date.timezone="America/Sao_Paulo" in php.ini!
Sun May 15 16:28:42 2016 [15454][-none-][FATAL] Configuration variable date.timezone is not set, guessed timezone America/Sao_Paulo. Please set date.timezone="America/Sao_Paulo" in php.ini!
Sun May 15 16:28:48 2016 [15516][-none-][FATAL] Configuration variable date.timezone is not set, guessed timezone America/Sao_Paulo. Please set date.timezone="America/Sao_Paulo" in php.ini!
Sun May 15 16:28:59 2016 [15496][-none-][FATAL] Configuration variable date.timezone is not set, guessed timezone America/Sao_Paulo. Please set date.timezone="America/Sao_Paulo" in php.ini!
Sun May 15 16:29:01 2016 [15454][-none-][FATAL] Configuration variable date.timezone is not set, guessed timezone America/Sao_Paulo. Please set date.timezone="America/Sao_Paulo" in php.ini!
Sun May 15 16:29:04 2016 [15516][-none-][FATAL] Configuration variable date.timezone is not set, guessed timezone America/Sao_Paulo. Please set date.timezone="America/Sao_Paulo" in php.ini!
Sun May 15 16:29:44 2016 [15496][-none-][FATAL] Configuration variable date.timezone is not set, guessed timezone America/Sao_Paulo. Please set date.timezone="America/Sao_Paulo" in php.ini!
Sun May 15 16:29:48 2016 [15454][-none-][FATAL] Configuration variable date.timezone is not set, guessed timezone America/Sao_Paulo. Please set date.timezone="America/Sao_Paulo" in php.ini!
Sun May 15 16:30:04 2016 [15516][-none-][FATAL] Configuration variable date.timezone is not set, guessed timezone America/Sao_Paulo. Please set date.timezone="America/Sao_Paulo" in php.ini!
